2025-04-23 18:07:00,463 - ERROR - genesis chapter 51: 404 Client Error: Not Found for url: https://www.biblia.es/biblia-buscar-libros-1.php?libro=genesis&capitulo=51&version=rv60
2025-04-23 18:08:44,189 - ERROR - exodo chapter 41: 404 Client Error: Not Found for url: https://www.biblia.es/biblia-buscar-libros-1.php?libro=exodo&capitulo=41&version=rv60
2025-04-23 18:09:53,547 - ERROR - levitico chapter 28: 404 Client Error: Not Found for url: https://www.biblia.es/biblia-buscar-libros-1.php?libro=levitico&capitulo=28&version=rv60
2025-04-23 18:11:27,855 - ERROR - numeros chapter 37: 404 Client Error: Not Found for url: https://www.biblia.es/biblia-buscar-libros-1.php?libro=numeros&capitulo=37&version=rv60
2025-04-23 18:12:57,392 - ERROR - deuteronomio chapter 35: 404 Client Error: Not Found for url: https://www.biblia.es/biblia-buscar-libros-1.php?libro=deuteronomio&capitulo=35&version=rv60
2025-04-23 18:14:03,367 - ERROR - josue chapter 25: 404 Client Error: Not Found for url: https://www.biblia.es/biblia-buscar-libros-1.php?libro=josue&capitulo=25&version=rv60
2025-04-23 18:15:02,917 - ERROR - jueces chapter 22: 404 Client Error: Not Found for url: https://www.biblia.es/biblia-buscar-libros-1.php?libro=jueces&capitulo=22&version=rv60
2025-04-23 18:15:13,573 - ERROR - rut chapter 5: 404 Client Error: Not Found for url: https://www.biblia.es/biblia-buscar-libros-1.php?libro=rut&capitulo=5&version=rv60
2025-04-23 18:16:34,885 - ERROR - 1-samuel chapter 32: 404 Client Error: Not Found for url: https://www.biblia.es/biblia-buscar-libros-1.php?libro=1-samuel&capitulo=32&version=rv60
2025-04-23 18:17:37,763 - ERROR - 2-samuel chapter 25: 404 Client Error: Not Found for url: https://www.biblia.es/biblia-buscar-libros-1.php?libro=2-samuel&capitulo=25&version=rv60
2025-04-23 18:18:34,569 - ERROR - 1-reyes chapter 23: 404 Client Error: Not Found for url: https://www.biblia.es/biblia-buscar-libros-1.php?libro=1-reyes&capitulo=23&version=rv60
2025-04-23 18:19:40,255 - ERROR - 2-reyes chapter 26: 404 Client Error: Not Found for url: https://www.biblia.es/biblia-buscar-libros-1.php?libro=2-reyes&capitulo=26&version=rv60
2025-04-23 18:20:55,134 - ERROR - 1-cronicas chapter 30: 404 Client Error: Not Found for url: https://www.biblia.es/biblia-buscar-libros-1.php?libro=1-cronicas&capitulo=30&version=rv60
2025-04-23 18:22:34,801 - ERROR - 2-cronicas chapter 37: 404 Client Error: Not Found for url: https://www.biblia.es/biblia-buscar-libros-1.php?libro=2-cronicas&capitulo=37&version=rv60
2025-04-23 18:23:02,351 - ERROR - esdras chapter 11: 404 Client Error: Not Found for url: https://www.biblia.es/biblia-buscar-libros-1.php?libro=esdras&capitulo=11&version=rv60
2025-04-23 18:23:37,429 - ERROR - nehemias chapter 14: 404 Client Error: Not Found for url: https://www.biblia.es/biblia-buscar-libros-1.php?libro=nehemias&capitulo=14&version=rv60
2025-04-23 18:24:07,766 - ERROR - ester chapter 11: 404 Client Error: Not Found for url: https://www.biblia.es/biblia-buscar-libros-1.php?libro=ester&capitulo=11&version=rv60
2025-04-23 18:26:01,501 - ERROR - job chapter 43: 404 Client Error: Not Found for url: https://www.biblia.es/biblia-buscar-libros-1.php?libro=job&capitulo=43&version=rv60
2025-04-23 18:32:35,671 - ERROR - salmos chapter 151: 404 Client Error: Not Found for url: https://www.biblia.es/biblia-buscar-libros-1.php?libro=salmos&capitulo=151&version=rv60
2025-04-23 18:34:02,458 - ERROR - proverbios chapter 32: 404 Client Error: Not Found for url: https://www.biblia.es/biblia-buscar-libros-1.php?libro=proverbios&capitulo=32&version=rv60
2025-04-23 18:34:33,789 - ERROR - eclesiastes chapter 13: 404 Client Error: Not Found for url: https://www.biblia.es/biblia-buscar-libros-1.php?libro=eclesiastes&capitulo=13&version=rv60
2025-04-23 18:34:51,973 - ERROR - cantares chapter 9: 404 Client Error: Not Found for url: https://www.biblia.es/biblia-buscar-libros-1.php?libro=cantares&capitulo=9&version=rv60
2025-04-23 18:37:52,901 - ERROR - isaias chapter 67: 404 Client Error: Not Found for url: https://www.biblia.es/biblia-buscar-libros-1.php?libro=isaias&capitulo=67&version=rv60
2025-04-23 18:40:14,018 - ERROR - jeremias chapter 53: 404 Client Error: Not Found for url: https://www.biblia.es/biblia-buscar-libros-1.php?libro=jeremias&capitulo=53&version=rv60
2025-04-23 18:40:28,093 - ERROR - lamentaciones chapter 6: 404 Client Error: Not Found for url: https://www.biblia.es/biblia-buscar-libros-1.php?libro=lamentaciones&capitulo=6&version=rv60
2025-04-23 18:42:33,742 - ERROR - ezequiel chapter 49: 404 Client Error: Not Found for url: https://www.biblia.es/biblia-buscar-libros-1.php?libro=ezequiel&capitulo=49&version=rv60
2025-04-23 18:43:05,060 - ERROR - daniel chapter 13: 404 Client Error: Not Found for url: https://www.biblia.es/biblia-buscar-libros-1.php?libro=daniel&capitulo=13&version=rv60
2025-04-23 18:43:42,762 - ERROR - oseas chapter 15: 404 Client Error: Not Found for url: https://www.biblia.es/biblia-buscar-libros-1.php?libro=oseas&capitulo=15&version=rv60
2025-04-23 18:43:52,247 - ERROR - joel chapter 4: 404 Client Error: Not Found for url: https://www.biblia.es/biblia-buscar-libros-1.php?libro=joel&capitulo=4&version=rv60
2025-04-23 18:44:16,935 - ERROR - amos chapter 10: 404 Client Error: Not Found for url: https://www.biblia.es/biblia-buscar-libros-1.php?libro=amos&capitulo=10&version=rv60
2025-04-23 18:44:19,315 - ERROR - abdias chapter 2: 404 Client Error: Not Found for url: https://www.biblia.es/biblia-buscar-libros-1.php?libro=abdias&capitulo=2&version=rv60
2025-04-23 18:44:31,028 - ERROR - jonas chapter 5: 404 Client Error: Not Found for url: https://www.biblia.es/biblia-buscar-libros-1.php?libro=jonas&capitulo=5&version=rv60
2025-04-23 18:44:49,980 - ERROR - miqueas chapter 8: 404 Client Error: Not Found for url: https://www.biblia.es/biblia-buscar-libros-1.php?libro=miqueas&capitulo=8&version=rv60
2025-04-23 18:44:58,384 - ERROR - nahum chapter 4: 404 Client Error: Not Found for url: https://www.biblia.es/biblia-buscar-libros-1.php?libro=nahum&capitulo=4&version=rv60
2025-04-23 18:45:06,138 - ERROR - habacuc chapter 4: 404 Client Error: Not Found for url: https://www.biblia.es/biblia-buscar-libros-1.php?libro=habacuc&capitulo=4&version=rv60
2025-04-23 18:45:14,228 - ERROR - sofonias chapter 4: 404 Client Error: Not Found for url: https://www.biblia.es/biblia-buscar-libros-1.php?libro=sofonias&capitulo=4&version=rv60
2025-04-23 18:45:19,774 - ERROR - hageo chapter 3: 404 Client Error: Not Found for url: https://www.biblia.es/biblia-buscar-libros-1.php?libro=hageo&capitulo=3&version=rv60
2025-04-23 18:45:56,644 - ERROR - zacarias chapter 15: 404 Client Error: Not Found for url: https://www.biblia.es/biblia-buscar-libros-1.php?libro=zacarias&capitulo=15&version=rv60
2025-04-23 18:46:08,355 - ERROR - malaquias chapter 5: 404 Client Error: Not Found for url: https://www.biblia.es/biblia-buscar-libros-1.php?libro=malaquias&capitulo=5&version=rv60
2025-04-23 18:47:26,116 - ERROR - mateo chapter 29: 404 Client Error: Not Found for url: https://www.biblia.es/biblia-buscar-libros-1.php?libro=mateo&capitulo=29&version=rv60
2025-04-23 18:48:08,972 - ERROR - marcos chapter 17: 404 Client Error: Not Found for url: https://www.biblia.es/biblia-buscar-libros-1.php?libro=marcos&capitulo=17&version=rv60
2025-04-23 18:49:14,055 - ERROR - lucas chapter 25: 404 Client Error: Not Found for url: https://www.biblia.es/biblia-buscar-libros-1.php?libro=lucas&capitulo=25&version=rv60
2025-04-23 18:50:09,673 - ERROR - juan chapter 22: 404 Client Error: Not Found for url: https://www.biblia.es/biblia-buscar-libros-1.php?libro=juan&capitulo=22&version=rv60
2025-04-23 18:51:22,661 - ERROR - hechos chapter 29: 404 Client Error: Not Found for url: https://www.biblia.es/biblia-buscar-libros-1.php?libro=hechos&capitulo=29&version=rv60
2025-04-23 18:52:01,009 - ERROR - romanos chapter 17: 404 Client Error: Not Found for url: https://www.biblia.es/biblia-buscar-libros-1.php?libro=romanos&capitulo=17&version=rv60
2025-04-23 18:52:43,934 - ERROR - 1-corintios chapter 17: 404 Client Error: Not Found for url: https://www.biblia.es/biblia-buscar-libros-1.php?libro=1-corintios&capitulo=17&version=rv60
2025-04-23 18:53:18,369 - ERROR - 2-corintios chapter 14: 404 Client Error: Not Found for url: https://www.biblia.es/biblia-buscar-libros-1.php?libro=2-corintios&capitulo=14&version=rv60
2025-04-23 18:53:35,610 - ERROR - galatas chapter 7: 404 Client Error: Not Found for url: https://www.biblia.es/biblia-buscar-libros-1.php?libro=galatas&capitulo=7&version=rv60
2025-04-23 18:53:53,830 - ERROR - efesios chapter 7: 404 Client Error: Not Found for url: https://www.biblia.es/biblia-buscar-libros-1.php?libro=efesios&capitulo=7&version=rv60
2025-04-23 18:54:05,097 - ERROR - filipenses chapter 5: 404 Client Error: Not Found for url: https://www.biblia.es/biblia-buscar-libros-1.php?libro=filipenses&capitulo=5&version=rv60
2025-04-23 18:54:14,004 - ERROR - colosenses chapter 5: 404 Client Error: Not Found for url: https://www.biblia.es/biblia-buscar-libros-1.php?libro=colosenses&capitulo=5&version=rv60
2025-04-23 18:54:26,946 - ERROR - 1-tesalonicenses chapter 6: 404 Client Error: Not Found for url: https://www.biblia.es/biblia-buscar-libros-1.php?libro=1-tesalonicenses&capitulo=6&version=rv60
2025-04-23 18:54:34,738 - ERROR - 2-tesalonicenses chapter 4: 404 Client Error: Not Found for url: https://www.biblia.es/biblia-buscar-libros-1.php?libro=2-tesalonicenses&capitulo=4&version=rv60
2025-04-23 18:54:50,683 - ERROR - 1-timoteo chapter 7: 404 Client Error: Not Found for url: https://www.biblia.es/biblia-buscar-libros-1.php?libro=1-timoteo&capitulo=7&version=rv60
2025-04-23 18:55:00,444 - ERROR - 2-timoteo chapter 5: 404 Client Error: Not Found for url: https://www.biblia.es/biblia-buscar-libros-1.php?libro=2-timoteo&capitulo=5&version=rv60
2025-04-23 18:55:09,294 - ERROR - tito chapter 4: 404 Client Error: Not Found for url: https://www.biblia.es/biblia-buscar-libros-1.php?libro=tito&capitulo=4&version=rv60
2025-04-23 18:55:11,932 - ERROR - filemon chapter 2: 404 Client Error: Not Found for url: https://www.biblia.es/biblia-buscar-libros-1.php?libro=filemon&capitulo=2&version=rv60
2025-04-23 18:55:43,575 - ERROR - hebreos chapter 14: 404 Client Error: Not Found for url: https://www.biblia.es/biblia-buscar-libros-1.php?libro=hebreos&capitulo=14&version=rv60
2025-04-23 18:55:57,898 - ERROR - santiago chapter 6: 404 Client Error: Not Found for url: https://www.biblia.es/biblia-buscar-libros-1.php?libro=santiago&capitulo=6&version=rv60
2025-04-23 18:56:12,790 - ERROR - 1-pedro chapter 6: 404 Client Error: Not Found for url: https://www.biblia.es/biblia-buscar-libros-1.php?libro=1-pedro&capitulo=6&version=rv60
2025-04-23 18:56:20,999 - ERROR - 2-pedro chapter 4: 404 Client Error: Not Found for url: https://www.biblia.es/biblia-buscar-libros-1.php?libro=2-pedro&capitulo=4&version=rv60
2025-04-23 18:56:33,994 - ERROR - 1-juan chapter 6: 404 Client Error: Not Found for url: https://www.biblia.es/biblia-buscar-libros-1.php?libro=1-juan&capitulo=6&version=rv60
2025-04-23 18:56:37,700 - ERROR - 2-juan chapter 2: 404 Client Error: Not Found for url: https://www.biblia.es/biblia-buscar-libros-1.php?libro=2-juan&capitulo=2&version=rv60
2025-04-23 18:56:40,674 - ERROR - 3-juan chapter 2: 404 Client Error: Not Found for url: https://www.biblia.es/biblia-buscar-libros-1.php?libro=3-juan&capitulo=2&version=rv60
2025-04-23 18:56:42,977 - ERROR - judas chapter 2: 404 Client Error: Not Found for url: https://www.biblia.es/biblia-buscar-libros-1.php?libro=judas&capitulo=2&version=rv60
2025-04-23 18:57:37,702 - ERROR - apocalipsis chapter 23: 404 Client Error: Not Found for url: https://www.biblia.es/biblia-buscar-libros-1.php?libro=apocalipsis&capitulo=23&version=rv60
2025-04-23 19:03:42,725 - ERROR - genesis chapter 51: 404 Client Error: Not Found for url: https://www.biblia.es/biblia-buscar-libros-1.php?libro=genesis&capitulo=51&version=rv60
2025-04-23 19:05:32,270 - ERROR - exodo chapter 41: 404 Client Error: Not Found for url: https://www.biblia.es/biblia-buscar-libros-1.php?libro=exodo&capitulo=41&version=rv60
2025-04-23 19:06:44,302 - ERROR - levitico chapter 28: 404 Client Error: Not Found for url: https://www.biblia.es/biblia-buscar-libros-1.php?libro=levitico&capitulo=28&version=rv60
2025-04-23 19:08:20,977 - ERROR - numeros chapter 37: 404 Client Error: Not Found for url: https://www.biblia.es/biblia-buscar-libros-1.php?libro=numeros&capitulo=37&version=rv60
2025-04-23 19:09:50,122 - ERROR - deuteronomio chapter 35: 404 Client Error: Not Found for url: https://www.biblia.es/biblia-buscar-libros-1.php?libro=deuteronomio&capitulo=35&version=rv60
2025-04-23 19:10:55,613 - ERROR - josue chapter 25: 404 Client Error: Not Found for url: https://www.biblia.es/biblia-buscar-libros-1.php?libro=josue&capitulo=25&version=rv60
2025-04-23 19:11:50,521 - ERROR - jueces chapter 22: 404 Client Error: Not Found for url: https://www.biblia.es/biblia-buscar-libros-1.php?libro=jueces&capitulo=22&version=rv60
2025-04-23 19:12:01,398 - ERROR - rut chapter 5: 404 Client Error: Not Found for url: https://www.biblia.es/biblia-buscar-libros-1.php?libro=rut&capitulo=5&version=rv60
2025-04-23 19:13:17,801 - ERROR - 1-samuel chapter 32: 404 Client Error: Not Found for url: https://www.biblia.es/biblia-buscar-libros-1.php?libro=1-samuel&capitulo=32&version=rv60
2025-04-23 19:14:18,202 - ERROR - 2-samuel chapter 25: 404 Client Error: Not Found for url: https://www.biblia.es/biblia-buscar-libros-1.php?libro=2-samuel&capitulo=25&version=rv60
2025-04-23 19:15:16,482 - ERROR - 1-reyes chapter 23: 404 Client Error: Not Found for url: https://www.biblia.es/biblia-buscar-libros-1.php?libro=1-reyes&capitulo=23&version=rv60
2025-04-23 19:16:22,362 - ERROR - 2-reyes chapter 26: 404 Client Error: Not Found for url: https://www.biblia.es/biblia-buscar-libros-1.php?libro=2-reyes&capitulo=26&version=rv60
2025-04-23 19:17:43,700 - ERROR - 1-cronicas chapter 30: 404 Client Error: Not Found for url: https://www.biblia.es/biblia-buscar-libros-1.php?libro=1-cronicas&capitulo=30&version=rv60
2025-04-23 19:19:19,917 - ERROR - 2-cronicas chapter 37: 404 Client Error: Not Found for url: https://www.biblia.es/biblia-buscar-libros-1.php?libro=2-cronicas&capitulo=37&version=rv60
2025-04-23 19:19:47,914 - ERROR - esdras chapter 11: 404 Client Error: Not Found for url: https://www.biblia.es/biblia-buscar-libros-1.php?libro=esdras&capitulo=11&version=rv60
2025-04-23 19:20:23,973 - ERROR - nehemias chapter 14: 404 Client Error: Not Found for url: https://www.biblia.es/biblia-buscar-libros-1.php?libro=nehemias&capitulo=14&version=rv60
2025-04-23 19:20:51,664 - ERROR - ester chapter 11: 404 Client Error: Not Found for url: https://www.biblia.es/biblia-buscar-libros-1.php?libro=ester&capitulo=11&version=rv60
2025-04-23 19:22:35,325 - ERROR - job chapter 43: 404 Client Error: Not Found for url: https://www.biblia.es/biblia-buscar-libros-1.php?libro=job&capitulo=43&version=rv60
2025-04-23 19:29:10,364 - ERROR - salmos chapter 151: 404 Client Error: Not Found for url: https://www.biblia.es/biblia-buscar-libros-1.php?libro=salmos&capitulo=151&version=rv60
2025-04-23 19:30:31,260 - ERROR - proverbios chapter 32: 404 Client Error: Not Found for url: https://www.biblia.es/biblia-buscar-libros-1.php?libro=proverbios&capitulo=32&version=rv60
2025-04-23 19:31:06,062 - ERROR - eclesiastes chapter 13: 404 Client Error: Not Found for url: https://www.biblia.es/biblia-buscar-libros-1.php?libro=eclesiastes&capitulo=13&version=rv60
2025-04-23 19:31:25,190 - ERROR - cantares chapter 9: 404 Client Error: Not Found for url: https://www.biblia.es/biblia-buscar-libros-1.php?libro=cantares&capitulo=9&version=rv60
2025-04-23 19:34:15,407 - ERROR - isaias chapter 67: 404 Client Error: Not Found for url: https://www.biblia.es/biblia-buscar-libros-1.php?libro=isaias&capitulo=67&version=rv60
2025-04-23 19:36:36,320 - ERROR - jeremias chapter 53: 404 Client Error: Not Found for url: https://www.biblia.es/biblia-buscar-libros-1.php?libro=jeremias&capitulo=53&version=rv60
2025-04-23 19:36:49,002 - ERROR - lamentaciones chapter 6: 404 Client Error: Not Found for url: https://www.biblia.es/biblia-buscar-libros-1.php?libro=lamentaciones&capitulo=6&version=rv60
2025-04-23 19:38:59,133 - ERROR - ezequiel chapter 49: 404 Client Error: Not Found for url: https://www.biblia.es/biblia-buscar-libros-1.php?libro=ezequiel&capitulo=49&version=rv60
2025-04-23 19:39:32,748 - ERROR - daniel chapter 13: 404 Client Error: Not Found for url: https://www.biblia.es/biblia-buscar-libros-1.php?libro=daniel&capitulo=13&version=rv60
2025-04-23 19:40:11,835 - ERROR - oseas chapter 15: 404 Client Error: Not Found for url: https://www.biblia.es/biblia-buscar-libros-1.php?libro=oseas&capitulo=15&version=rv60
2025-04-23 19:40:20,646 - ERROR - joel chapter 4: 404 Client Error: Not Found for url: https://www.biblia.es/biblia-buscar-libros-1.php?libro=joel&capitulo=4&version=rv60
2025-04-23 19:40:46,463 - ERROR - amos chapter 10: 404 Client Error: Not Found for url: https://www.biblia.es/biblia-buscar-libros-1.php?libro=amos&capitulo=10&version=rv60
2025-04-23 19:40:48,884 - ERROR - abdias chapter 2: 404 Client Error: Not Found for url: https://www.biblia.es/biblia-buscar-libros-1.php?libro=abdias&capitulo=2&version=rv60
2025-04-23 19:40:59,005 - ERROR - jonas chapter 5: 404 Client Error: Not Found for url: https://www.biblia.es/biblia-buscar-libros-1.php?libro=jonas&capitulo=5&version=rv60
2025-04-23 19:41:18,624 - ERROR - miqueas chapter 8: 404 Client Error: Not Found for url: https://www.biblia.es/biblia-buscar-libros-1.php?libro=miqueas&capitulo=8&version=rv60
2025-04-23 19:41:26,348 - ERROR - nahum chapter 4: 404 Client Error: Not Found for url: https://www.biblia.es/biblia-buscar-libros-1.php?libro=nahum&capitulo=4&version=rv60
2025-04-23 19:41:33,789 - ERROR - habacuc chapter 4: 404 Client Error: Not Found for url: https://www.biblia.es/biblia-buscar-libros-1.php?libro=habacuc&capitulo=4&version=rv60
2025-04-23 19:41:43,377 - ERROR - sofonias chapter 4: 404 Client Error: Not Found for url: https://www.biblia.es/biblia-buscar-libros-1.php?libro=sofonias&capitulo=4&version=rv60
2025-04-23 19:41:49,028 - ERROR - hageo chapter 3: 404 Client Error: Not Found for url: https://www.biblia.es/biblia-buscar-libros-1.php?libro=hageo&capitulo=3&version=rv60
2025-04-23 19:42:28,190 - ERROR - zacarias chapter 15: 404 Client Error: Not Found for url: https://www.biblia.es/biblia-buscar-libros-1.php?libro=zacarias&capitulo=15&version=rv60
2025-04-23 19:42:39,349 - ERROR - malaquias chapter 5: 404 Client Error: Not Found for url: https://www.biblia.es/biblia-buscar-libros-1.php?libro=malaquias&capitulo=5&version=rv60
2025-04-23 19:43:51,655 - ERROR - mateo chapter 29: 404 Client Error: Not Found for url: https://www.biblia.es/biblia-buscar-libros-1.php?libro=mateo&capitulo=29&version=rv60
2025-04-23 19:44:31,289 - ERROR - marcos chapter 17: 404 Client Error: Not Found for url: https://www.biblia.es/biblia-buscar-libros-1.php?libro=marcos&capitulo=17&version=rv60
2025-04-23 19:45:36,455 - ERROR - lucas chapter 25: 404 Client Error: Not Found for url: https://www.biblia.es/biblia-buscar-libros-1.php?libro=lucas&capitulo=25&version=rv60
2025-04-23 19:46:30,230 - ERROR - juan chapter 22: 404 Client Error: Not Found for url: https://www.biblia.es/biblia-buscar-libros-1.php?libro=juan&capitulo=22&version=rv60
2025-04-23 19:47:47,626 - ERROR - hechos chapter 29: 404 Client Error: Not Found for url: https://www.biblia.es/biblia-buscar-libros-1.php?libro=hechos&capitulo=29&version=rv60
2025-04-23 19:48:29,714 - ERROR - romanos chapter 17: 404 Client Error: Not Found for url: https://www.biblia.es/biblia-buscar-libros-1.php?libro=romanos&capitulo=17&version=rv60
2025-04-23 19:49:13,923 - ERROR - 1-corintios chapter 17: 404 Client Error: Not Found for url: https://www.biblia.es/biblia-buscar-libros-1.php?libro=1-corintios&capitulo=17&version=rv60
2025-04-23 19:49:47,771 - ERROR - 2-corintios chapter 14: 404 Client Error: Not Found for url: https://www.biblia.es/biblia-buscar-libros-1.php?libro=2-corintios&capitulo=14&version=rv60
2025-04-23 19:50:04,393 - ERROR - galatas chapter 7: 404 Client Error: Not Found for url: https://www.biblia.es/biblia-buscar-libros-1.php?libro=galatas&capitulo=7&version=rv60
2025-04-23 19:50:21,354 - ERROR - efesios chapter 7: 404 Client Error: Not Found for url: https://www.biblia.es/biblia-buscar-libros-1.php?libro=efesios&capitulo=7&version=rv60
2025-04-23 19:50:31,302 - ERROR - filipenses chapter 5: 404 Client Error: Not Found for url: https://www.biblia.es/biblia-buscar-libros-1.php?libro=filipenses&capitulo=5&version=rv60
2025-04-23 19:50:42,404 - ERROR - colosenses chapter 5: 404 Client Error: Not Found for url: https://www.biblia.es/biblia-buscar-libros-1.php?libro=colosenses&capitulo=5&version=rv60
2025-04-23 19:50:55,425 - ERROR - 1-tesalonicenses chapter 6: 404 Client Error: Not Found for url: https://www.biblia.es/biblia-buscar-libros-1.php?libro=1-tesalonicenses&capitulo=6&version=rv60
2025-04-23 19:51:04,232 - ERROR - 2-tesalonicenses chapter 4: 404 Client Error: Not Found for url: https://www.biblia.es/biblia-buscar-libros-1.php?libro=2-tesalonicenses&capitulo=4&version=rv60
2025-04-23 19:51:22,533 - ERROR - 1-timoteo chapter 7: 404 Client Error: Not Found for url: https://www.biblia.es/biblia-buscar-libros-1.php?libro=1-timoteo&capitulo=7&version=rv60
2025-04-23 19:51:33,110 - ERROR - 2-timoteo chapter 5: 404 Client Error: Not Found for url: https://www.biblia.es/biblia-buscar-libros-1.php?libro=2-timoteo&capitulo=5&version=rv60
2025-04-23 19:51:41,610 - ERROR - tito chapter 4: 404 Client Error: Not Found for url: https://www.biblia.es/biblia-buscar-libros-1.php?libro=tito&capitulo=4&version=rv60
2025-04-23 19:51:44,543 - ERROR - filemon chapter 2: 404 Client Error: Not Found for url: https://www.biblia.es/biblia-buscar-libros-1.php?libro=filemon&capitulo=2&version=rv60
2025-04-23 19:52:18,365 - ERROR - hebreos chapter 14: 404 Client Error: Not Found for url: https://www.biblia.es/biblia-buscar-libros-1.php?libro=hebreos&capitulo=14&version=rv60
2025-04-23 19:52:33,672 - ERROR - santiago chapter 6: 404 Client Error: Not Found for url: https://www.biblia.es/biblia-buscar-libros-1.php?libro=santiago&capitulo=6&version=rv60
2025-04-23 19:52:47,470 - ERROR - 1-pedro chapter 6: 404 Client Error: Not Found for url: https://www.biblia.es/biblia-buscar-libros-1.php?libro=1-pedro&capitulo=6&version=rv60
2025-04-23 19:52:56,802 - ERROR - 2-pedro chapter 4: 404 Client Error: Not Found for url: https://www.biblia.es/biblia-buscar-libros-1.php?libro=2-pedro&capitulo=4&version=rv60
2025-04-23 19:53:08,355 - ERROR - 1-juan chapter 6: 404 Client Error: Not Found for url: https://www.biblia.es/biblia-buscar-libros-1.php?libro=1-juan&capitulo=6&version=rv60
2025-04-23 19:53:10,995 - ERROR - 2-juan chapter 2: 404 Client Error: Not Found for url: https://www.biblia.es/biblia-buscar-libros-1.php?libro=2-juan&capitulo=2&version=rv60
2025-04-23 19:53:14,674 - ERROR - 3-juan chapter 2: 404 Client Error: Not Found for url: https://www.biblia.es/biblia-buscar-libros-1.php?libro=3-juan&capitulo=2&version=rv60
2025-04-23 19:53:17,764 - ERROR - judas chapter 2: 404 Client Error: Not Found for url: https://www.biblia.es/biblia-buscar-libros-1.php?libro=judas&capitulo=2&version=rv60
2025-04-23 19:54:17,079 - ERROR - apocalipsis chapter 23: 404 Client Error: Not Found for url: https://www.biblia.es/biblia-buscar-libros-1.php?libro=apocalipsis&capitulo=23&version=rv60
